Timestamp: 2025-02-05T11:10:49+03:00;
ip: 127.0.0.1;
OS name: OSUnknown;
browser: BrowserUnknown, browser version: 0.0.0;
device: DeviceUnknown;
platform: PlatformUnknown

Timestamp: 2025-02-05T11:11:03+03:00;
ip: 127.0.0.1;
OS name: OSWindows;
browser: BrowserChrome, browser version: 132.0.0;
device: DeviceComputer;
platform: PlatformWindows

Timestamp: 2025-02-05T11:12:19+03:00;
ip: 127.0.0.1;
OS name: OSWindows;
browser: BrowserYandex, browser version: 24.12.0;
device: DeviceComputer;
platform: PlatformWindows

Timestamp: 2025-02-05T11:12:33+03:00;
ip: 127.0.0.1;
OS name: OSWindows;
browser: BrowserChrome, browser version: 132.0.0;
device: DeviceComputer;
platform: PlatformWindows

Timestamp: 2025-02-05T12:10:23+03:00;
ip: 127.0.0.1;
OS: OSUnknown;
Browser: BrowserUnknown (0.0.0);
Device: DeviceUnknown;
Platform: PlatformUnknown

Timestamp: 2025-02-05T12:10:36+03:00;
ip: 127.0.0.1;
OS: OSWindows;
Browser: BrowserChrome (132.0.0);
Device: DeviceComputer;
Platform: PlatformWindows

Timestamp: 2025-02-05T12:41:30+03:00;
ip: 127.0.0.1;
OS: ;
Browser: BrowserChrome (132.0.0);
Device: DeviceComputer;
Platform: PlatformWindows

Timestamp: 2025-02-05T12:42:05+03:00;
ip: 127.0.0.1;
OS: ;
Browser: BrowserYandex (24.12.0);
Device: DeviceComputer;
Platform: PlatformWindows

Timestamp: 2025-02-05T12:44:20+03:00;
ip: 127.0.0.1;
OS: OSUnknown;
Browser: BrowserUnknown (0.0.0);
Device: DeviceUnknown;
Platform: PlatformUnknown

Timestamp: 2025-02-05T12:44:33+03:00;
ip: 127.0.0.1;
OS: OSWindows;
Browser: BrowserChrome (132.0.0);
Device: DeviceComputer;
Platform: PlatformWindows

